TN:
SF:src/modules/appointments/services/CreateAppointmentService.ts
FN:14,(anonymous_18)
FN:15,CreateAppointmentService
FN:22,(anonymous_20)
FNF:3
FNH:3
FNDA:1,(anonymous_18)
FNDA:5,CreateAppointmentService
FNDA:7,(anonymous_20)
DA:1,1
DA:2,1
DA:4,1
DA:14,1
DA:17,5
DA:19,5
DA:22,1
DA:23,7
DA:24,7
DA:25,7
DA:27,7
DA:28,7
DA:29,3
DA:31,4
DA:32,1
DA:35,3
DA:36,1
DA:41,2
DA:45,2
DA:46,0
DA:49,2
DA:55,2
DA:57,4
DA:62,2
DA:64,1
DA:65,1
LF:26
LH:25
BRDA:28,0,0,3
BRDA:28,0,1,4
BRDA:31,1,0,1
BRDA:31,1,1,3
BRDA:35,2,0,1
BRDA:35,2,1,2
BRDA:35,3,0,3
BRDA:35,3,1,2
BRDA:45,4,0,0
BRDA:45,4,1,2
BRF:10
BRH:9
end_of_record
TN:
SF:src/modules/appointments/services/ListProviderAppointmentsService.ts
FN:12,(anonymous_17)
FN:13,ListProviderAppointmentsService
FN:18,(anonymous_19)
FNF:3
FNH:3
FNDA:1,(anonymous_17)
FNDA:1,ListProviderAppointmentsService
FNDA:1,(anonymous_19)
DA:1,1
DA:12,1
DA:15,1
DA:18,1
DA:19,1
DA:20,1
DA:21,1
DA:22,1
DA:24,1
DA:32,1
DA:34,1
DA:35,1
LF:12
LH:12
BRDA:24,0,0,1
BRF:1
BRH:1
end_of_record
TN:
SF:src/modules/appointments/services/ListProviderDayAvailabilityService.ts
FN:18,(anonymous_17)
FN:19,ListProviderDayAvailabilityService
FN:24,(anonymous_19)
FN:38,(anonymous_22)
FN:40,(anonymous_23)
FN:42,(anonymous_24)
FNF:6
FNH:6
FNDA:1,(anonymous_17)
FNDA:1,ListProviderDayAvailabilityService
FNDA:1,(anonymous_19)
FNDA:10,(anonymous_22)
FNDA:10,(anonymous_23)
FNDA:19,(anonymous_24)
DA:1,1
DA:2,1
DA:18,1
DA:21,1
DA:24,1
DA:25,1
DA:26,1
DA:27,1
DA:28,1
DA:30,1
DA:34,1
DA:35,1
DA:36,1
DA:38,10
DA:40,1
DA:41,10
DA:42,19
DA:44,10
DA:45,10
DA:50,1
DA:52,1
DA:53,1
LF:22
LH:22
BRDA:30,0,0,1
BRDA:47,1,0,10
BRDA:47,1,1,8
BRF:3
BRH:3
end_of_record
TN:
SF:src/modules/appointments/services/ListProviderMonthAvailabilityService.ts
FN:17,(anonymous_17)
FN:18,ListProviderMonthAvailabilityService
FN:23,(anonymous_19)
FN:38,(anonymous_22)
FN:41,(anonymous_23)
FN:42,(anonymous_24)
FNF:6
FNH:6
FNDA:1,(anonymous_17)
FNDA:1,ListProviderMonthAvailabilityService
FNDA:1,(anonymous_19)
FNDA:31,(anonymous_22)
FNDA:31,(anonymous_23)
FNDA:341,(anonymous_24)
DA:1,1
DA:2,1
DA:17,1
DA:20,1
DA:23,1
DA:24,1
DA:25,1
DA:26,1
DA:28,1
DA:32,1
DA:34,1
DA:38,31
DA:41,1
DA:42,31
DA:43,341
DA:45,31
DA:50,1
DA:52,1
DA:53,1
LF:19
LH:19
BRDA:28,0,0,1
BRF:1
BRH:1
end_of_record
TN:
SF:src/modules/appointments/services/ListProvidersService.ts
FN:10,(anonymous_17)
FN:11,ListProviderService
FN:16,(anonymous_19)
FNF:3
FNH:3
FNDA:1,(anonymous_17)
FNDA:1,ListProviderService
FNDA:1,(anonymous_19)
DA:1,1
DA:10,1
DA:13,1
DA:16,1
DA:17,1
DA:21,1
DA:23,1
DA:24,1
LF:8
LH:8
BRDA:17,0,0,1
BRF:1
BRH:1
end_of_record
TN:
SF:src/modules/users/services/AuthenticateUserService.ts
FN:19,(anonymous_18)
FN:20,AuthenticateUserService
FN:27,(anonymous_20)
FNF:3
FNH:3
FNDA:1,(anonymous_18)
FNDA:3,AuthenticateUserService
FNDA:3,(anonymous_20)
DA:1,1
DA:4,1
DA:5,1
DA:6,1
DA:19,1
DA:22,3
DA:24,3
DA:27,3
DA:28,3
DA:30,3
DA:32,2
DA:36,2
DA:37,1
DA:39,1
DA:43,1
DA:45,1
DA:46,1
LF:17
LH:17
BRDA:28,0,0,3
BRDA:30,1,0,1
BRDA:30,1,1,2
BRDA:36,2,0,1
BRDA:36,2,1,1
BRF:5
BRH:5
end_of_record
TN:
SF:src/modules/users/services/CreateUserService.ts
FN:13,(anonymous_18)
FN:14,CreateUserService
FN:21,(anonymous_20)
FNF:3
FNH:3
FNDA:2,(anonymous_18)
FNDA:5,CreateUserService
FNDA:5,(anonymous_20)
DA:2,2
DA:3,2
DA:13,2
DA:16,5
DA:18,5
DA:21,5
DA:22,5
DA:24,5
DA:26,5
DA:27,1
DA:30,4
DA:35,4
DA:37,2
DA:38,2
LF:14
LH:14
BRDA:22,0,0,5
BRDA:26,1,0,1
BRDA:26,1,1,4
BRF:3
BRH:3
end_of_record
TN:
SF:src/modules/users/services/ResetPasswordService.ts
FN:13,(anonymous_18)
FN:14,ResetPasswordService
FN:23,(anonymous_20)
FNF:3
FNH:3
FNDA:1,(anonymous_18)
FNDA:4,ResetPasswordService
FNDA:4,(anonymous_20)
DA:1,1
DA:2,1
DA:3,1
DA:13,1
DA:16,4
DA:18,4
DA:20,4
DA:23,4
DA:24,4
DA:26,4
DA:28,3
DA:29,3
DA:31,2
DA:32,2
DA:33,2
DA:34,1
DA:37,1
DA:38,2
DA:40,1
DA:41,1
LF:20
LH:20
BRDA:24,0,0,4
BRDA:26,1,0,1
BRDA:26,1,1,3
BRDA:29,2,0,1
BRDA:29,2,1,2
BRDA:33,3,0,1
BRDA:33,3,1,1
BRF:7
BRH:7
end_of_record
TN:
SF:src/modules/users/services/SendForgotPasswordEmailService.ts
FN:13,(anonymous_18)
FN:14,SendForgotPasswordEmailService
FN:23,(anonymous_20)
FNF:3
FNH:3
FNDA:1,(anonymous_18)
FNDA:3,SendForgotPasswordEmailService
FNDA:3,(anonymous_20)
DA:2,1
DA:3,1
DA:5,1
DA:13,1
DA:16,3
DA:18,3
DA:20,3
DA:23,3
DA:24,3
DA:30,3
DA:31,3
DA:32,2
DA:33,4
DA:48,1
DA:49,1
LF:15
LH:15
BRDA:31,0,0,1
BRDA:31,0,1,2
BRF:2
BRH:2
end_of_record
TN:
SF:src/modules/users/services/ShowProfileService.ts
FN:11,(anonymous_18)
FN:12,ShowProfileService
FN:17,(anonymous_20)
FNF:3
FNH:3
FNDA:1,(anonymous_18)
FNDA:2,ShowProfileService
FNDA:2,(anonymous_20)
DA:2,1
DA:3,1
DA:11,1
DA:14,2
DA:17,2
DA:18,2
DA:20,2
DA:22,1
DA:24,1
DA:25,1
LF:10
LH:10
BRDA:18,0,0,2
BRDA:20,1,0,1
BRDA:20,1,1,1
BRF:3
BRH:3
end_of_record
TN:
SF:src/modules/users/services/UpdateProfileService.ts
FN:16,(anonymous_18)
FN:17,UpdateProfileService
FN:24,(anonymous_20)
FNF:3
FNH:3
FNDA:1,(anonymous_18)
FNDA:6,UpdateProfileService
FNDA:6,(anonymous_20)
DA:2,1
DA:3,1
DA:16,1
DA:19,6
DA:21,6
DA:24,1
DA:25,6
DA:26,6
DA:27,6
DA:28,6
DA:29,6
DA:31,6
DA:32,6
DA:34,5
DA:35,5
DA:36,1
DA:38,4
DA:39,4
DA:40,4
DA:41,1
DA:43,4
DA:44,2
DA:48,2
DA:49,1
DA:52,3
DA:53,1
DA:56,2
DA:58,1
DA:59,1
LF:29
LH:29
BRDA:31,0,0,6
BRDA:31,0,1,2
BRDA:32,1,0,1
BRDA:32,1,1,5
BRDA:35,2,0,1
BRDA:35,2,1,4
BRDA:35,3,0,5
BRDA:35,3,1,1
BRDA:40,4,0,1
BRDA:40,4,1,3
BRDA:40,5,0,4
BRDA:40,5,1,3
BRDA:43,6,0,1
BRDA:43,6,1,2
BRDA:43,7,0,3
BRDA:43,7,1,2
BRDA:48,8,0,1
BRDA:48,8,1,1
BRDA:52,9,0,1
BRDA:52,9,1,1
BRF:20
BRH:20
end_of_record
TN:
SF:src/modules/users/services/UpdateUserAvatarService.ts
FN:12,(anonymous_18)
FN:13,UpdateUserAvatarService
FN:20,(anonymous_20)
FNF:3
FNH:3
FNDA:1,(anonymous_18)
FNDA:3,UpdateUserAvatarService
FNDA:4,(anonymous_20)
DA:2,1
DA:3,1
DA:12,1
DA:15,3
DA:17,3
DA:20,4
DA:21,4
DA:23,4
DA:24,1
DA:27,3
DA:28,1
DA:30,3
DA:31,3
DA:32,6
DA:33,3
DA:35,1
DA:36,1
LF:17
LH:17
BRDA:21,0,0,4
BRDA:23,1,0,1
BRDA:23,1,1,3
BRDA:27,2,0,1
BRDA:27,2,1,2
BRF:5
BRH:5
end_of_record
