TN:
SF:src/modules/appointments/services/CreateAppointmentService.ts
FN:12,(anonymous_18)
FN:13,CreateAppointmentService
FN:18,(anonymous_20)
FNF:3
FNH:3
FNDA:1,(anonymous_18)
FNDA:2,CreateAppointmentService
FNDA:3,(anonymous_20)
DA:1,1
DA:3,1
DA:4,1
DA:12,1
DA:15,2
DA:18,3
DA:19,3
DA:21,3
DA:25,3
DA:26,1
DA:28,2
DA:32,2
DA:34,1
DA:35,1
LF:14
LH:14
BRDA:25,0,0,1
BRDA:25,0,1,2
BRF:2
BRH:2
end_of_record
TN:
SF:src/modules/users/services/AuthenticateUserService.ts
FN:20,(anonymous_18)
FN:21,AuthenticateUserService
FN:28,(anonymous_20)
FNF:3
FNH:3
FNDA:1,(anonymous_18)
FNDA:3,AuthenticateUserService
FNDA:3,(anonymous_20)
DA:2,1
DA:5,1
DA:6,1
DA:7,1
DA:20,1
DA:23,3
DA:25,3
DA:28,3
DA:29,3
DA:31,3
DA:33,2
DA:37,2
DA:38,1
DA:40,1
DA:44,1
DA:46,1
DA:47,1
LF:17
LH:17
BRDA:29,0,0,3
BRDA:31,1,0,1
BRDA:31,1,1,2
BRDA:37,2,0,1
BRDA:37,2,1,1
BRF:5
BRH:5
end_of_record
TN:
SF:src/modules/users/services/CreateUserService.ts
FN:13,(anonymous_18)
FN:14,CreateUserService
FN:21,(anonymous_20)
FNF:3
FNH:3
FNDA:2,(anonymous_18)
FNDA:4,CreateUserService
FNDA:5,(anonymous_20)
DA:2,2
DA:3,2
DA:13,2
DA:16,4
DA:18,4
DA:21,5
DA:22,5
DA:24,5
DA:26,5
DA:27,1
DA:30,4
DA:35,4
DA:37,2
DA:38,2
LF:14
LH:14
BRDA:22,0,0,5
BRDA:26,1,0,1
BRDA:26,1,1,4
BRF:3
BRH:3
end_of_record
TN:
SF:src/modules/users/services/ResetPasswordService.ts
FN:13,(anonymous_18)
FN:14,ResetPasswordService
FN:23,(anonymous_20)
FNF:3
FNH:3
FNDA:1,(anonymous_18)
FNDA:4,ResetPasswordService
FNDA:4,(anonymous_20)
DA:1,1
DA:2,1
DA:3,1
DA:13,1
DA:16,4
DA:18,4
DA:20,4
DA:23,4
DA:24,4
DA:26,4
DA:28,3
DA:29,3
DA:31,2
DA:32,2
DA:33,2
DA:34,1
DA:37,1
DA:38,2
DA:40,1
DA:41,1
LF:20
LH:20
BRDA:24,0,0,4
BRDA:26,1,0,1
BRDA:26,1,1,3
BRDA:29,2,0,1
BRDA:29,2,1,2
BRDA:33,3,0,1
BRDA:33,3,1,1
BRF:7
BRH:7
end_of_record
TN:
SF:src/modules/users/services/SendForgotPasswordEmailService.ts
FN:12,(anonymous_18)
FN:13,SendForgotPasswordEmailService
FN:22,(anonymous_20)
FNF:3
FNH:3
FNDA:1,(anonymous_18)
FNDA:3,SendForgotPasswordEmailService
FNDA:3,(anonymous_20)
DA:2,1
DA:4,1
DA:12,1
DA:15,3
DA:17,3
DA:19,3
DA:22,3
DA:23,3
DA:24,3
DA:25,2
DA:26,2
DA:28,1
DA:29,1
LF:13
LH:13
BRDA:23,0,0,3
BRDA:24,1,0,1
BRDA:24,1,1,2
BRF:3
BRH:3
end_of_record
TN:
SF:src/modules/users/services/UpdateUserAvatarService.ts
FN:12,(anonymous_18)
FN:13,UpdateUserAvatarService
FN:20,(anonymous_20)
FNF:3
FNH:3
FNDA:1,(anonymous_18)
FNDA:3,UpdateUserAvatarService
FNDA:4,(anonymous_20)
DA:2,1
DA:3,1
DA:12,1
DA:15,3
DA:17,3
DA:20,4
DA:21,4
DA:23,4
DA:24,1
DA:27,3
DA:28,1
DA:30,3
DA:31,3
DA:32,6
DA:33,3
DA:35,1
DA:36,1
LF:17
LH:17
BRDA:21,0,0,4
BRDA:23,1,0,1
BRDA:23,1,1,3
BRDA:27,2,0,1
BRDA:27,2,1,2
BRF:5
BRH:5
end_of_record
